2025-10-26 13:49:57,946 INFO o.a.j.u.JMeterUtils: Setting Locale to en_EN
2025-10-26 13:49:57,969 INFO o.a.j.JMeter: Loading user properties from: C:\apache-jmeter-5.6.3\apache-jmeter-5.6.3\bin\user.properties
2025-10-26 13:49:57,970 INFO o.a.j.JMeter: Loading system properties from: C:\apache-jmeter-5.6.3\apache-jmeter-5.6.3\bin\system.properties
2025-10-26 13:49:57,978 INFO o.a.j.JMeter: Copyright (c) 1998-2024 The Apache Software Foundation
2025-10-26 13:49:57,978 INFO o.a.j.JMeter: Version 5.6.3
2025-10-26 13:49:57,978 INFO o.a.j.JMeter: java.version=17.0.17
2025-10-26 13:49:57,978 INFO o.a.j.JMeter: java.vm.name=Java HotSpot(TM) 64-Bit Server VM
2025-10-26 13:49:57,978 INFO o.a.j.JMeter: os.name=Windows 11
2025-10-26 13:49:57,978 INFO o.a.j.JMeter: os.arch=amd64
2025-10-26 13:49:57,978 INFO o.a.j.JMeter: os.version=10.0
2025-10-26 13:49:57,978 INFO o.a.j.JMeter: file.encoding=Cp1252
2025-10-26 13:49:57,978 INFO o.a.j.JMeter: java.awt.headless=true
2025-10-26 13:49:57,978 INFO o.a.j.JMeter: Max memory     =1073741824
2025-10-26 13:49:57,978 INFO o.a.j.JMeter: Available Processors =16
2025-10-26 13:49:57,986 INFO o.a.j.JMeter: Default Locale=English (EN)
2025-10-26 13:49:57,987 INFO o.a.j.JMeter: JMeter  Locale=English (EN)
2025-10-26 13:49:57,987 INFO o.a.j.JMeter: JMeterHome=C:\apache-jmeter-5.6.3\apache-jmeter-5.6.3
2025-10-26 13:49:57,987 INFO o.a.j.JMeter: user.dir  =C:\Users\Pratham\Desktop\CashiTechnical\CashiTechnical
2025-10-26 13:49:57,987 INFO o.a.j.JMeter: PWD       =C:\Users\Pratham\Desktop\CashiTechnical\CashiTechnical
2025-10-26 13:49:57,998 INFO o.a.j.JMeter: IP: 10.0.0.101 Name: LAPTOP-3V53L02H FullName: 10.0.0.101
2025-10-26 13:49:58,099 INFO o.a.j.JMeter: Setting property 'jmeter.reportgenerator.outputdir' to:'C:\Users\Pratham\Desktop\CashiTechnical\CashiTechnical\report'
2025-10-26 13:49:58,101 INFO o.a.j.s.FileServer: Default base='C:\Users\Pratham\Desktop\CashiTechnical\CashiTechnical'
2025-10-26 13:49:58,101 INFO o.a.j.s.FileServer: Set new base='C:\Users\Pratham\Desktop\CashiTechnical\CashiTechnical\server\src\test\kotlin\com\cashi\technical\jmeter'
2025-10-26 13:49:58,294 INFO o.a.j.s.SaveService: Testplan (JMX) version: 2.2. Testlog (JTL) version: 2.2
2025-10-26 13:49:58,318 INFO o.a.j.s.SaveService: Using SaveService properties version 5.0
2025-10-26 13:49:58,321 INFO o.a.j.s.SaveService: Using SaveService properties file encoding UTF-8
2025-10-26 13:49:58,324 INFO o.a.j.s.SaveService: Loading file: server\src\test\kotlin\com\cashi\technical\jmeter\CashiPaymentJmeterTest.jmx
2025-10-26 13:49:58,367 INFO o.a.j.p.h.s.HTTPSamplerBase: Parser for text/html is org.apache.jmeter.protocol.http.parser.LagartoBasedHtmlParser
2025-10-26 13:49:58,367 INFO o.a.j.p.h.s.HTTPSamplerBase: Parser for application/xhtml+xml is org.apache.jmeter.protocol.http.parser.LagartoBasedHtmlParser
2025-10-26 13:49:58,367 INFO o.a.j.p.h.s.HTTPSamplerBase: Parser for application/xml is org.apache.jmeter.protocol.http.parser.LagartoBasedHtmlParser
2025-10-26 13:49:58,367 INFO o.a.j.p.h.s.HTTPSamplerBase: Parser for text/xml is org.apache.jmeter.protocol.http.parser.LagartoBasedHtmlParser
2025-10-26 13:49:58,367 INFO o.a.j.p.h.s.HTTPSamplerBase: Parser for text/vnd.wap.wml is org.apache.jmeter.protocol.http.parser.RegexpHTMLParser
2025-10-26 13:49:58,367 INFO o.a.j.p.h.s.HTTPSamplerBase: Parser for text/css is org.apache.jmeter.protocol.http.parser.CssParser
2025-10-26 13:49:58,398 INFO o.a.j.JMeter: Creating summariser <summary>
2025-10-26 13:49:58,403 INFO o.a.j.r.d.ReportGenerator: ReportGenerator will use for Parsing the separator: ','
2025-10-26 13:49:58,403 INFO o.a.j.r.d.ReportGenerator: Will generate report at end of test from  results file: results.jtl
2025-10-26 13:49:58,403 INFO o.a.j.r.d.ReportGenerator: Reading report generator properties from: C:\apache-jmeter-5.6.3\apache-jmeter-5.6.3\bin\reportgenerator.properties
2025-10-26 13:49:58,403 INFO o.a.j.r.d.ReportGenerator: Merging with JMeter properties
2025-10-26 13:49:58,407 INFO o.a.j.r.c.ReportGeneratorConfiguration: Property 'jmeter.reportgenerator.temp_dir' not found, using default value 'temp' instead.
2025-10-26 13:49:58,409 INFO o.a.j.r.c.ReportGeneratorConfiguration: Property 'jmeter.reportgenerator.apdex_per_transaction' not found, using default value 'null' instead.
2025-10-26 13:49:58,409 INFO o.a.j.r.c.ReportGeneratorConfiguration: apdex_per_transaction is empty, not APDEX per transaction customization
2025-10-26 13:49:58,409 INFO o.a.j.r.c.ReportGeneratorConfiguration: Property 'jmeter.reportgenerator.sample_filter' not found, using default value 'null' instead.
2025-10-26 13:49:58,409 INFO o.a.j.r.c.ReportGeneratorConfiguration: Property 'jmeter.reportgenerator.report_title' not found, using default value 'null' instead.
2025-10-26 13:49:58,409 INFO o.a.j.r.c.ReportGeneratorConfiguration: Property 'jmeter.reportgenerator.start_date' not found, using default value 'null' instead.
2025-10-26 13:49:58,409 INFO o.a.j.r.c.ReportGeneratorConfiguration: Property 'jmeter.reportgenerator.end_date' not found, using default value 'null' instead.
2025-10-26 13:49:58,409 INFO o.a.j.r.c.ReportGeneratorConfiguration: Property 'jmeter.reportgenerator.date_format' not found, using default value 'null' instead.
2025-10-26 13:49:58,410 INFO o.a.j.r.c.ReportGeneratorConfiguration: Will use date range start date: null, end date: null
2025-10-26 13:49:58,412 INFO o.a.j.r.c.ReportGeneratorConfiguration: Property 'jmeter.reportgenerator.graph.totalTPS.exclude_controllers' not found, using default value 'false' instead.
2025-10-26 13:49:58,413 INFO o.a.j.r.c.ReportGeneratorConfiguration: Property 'jmeter.reportgenerator.graph.activeThreadsOverTime.exclude_controllers' not found, using default value 'false' instead.
2025-10-26 13:49:58,413 INFO o.a.j.r.c.ReportGeneratorConfiguration: Property 'jmeter.reportgenerator.graph.timeVsThreads.exclude_controllers' not found, using default value 'false' instead.
2025-10-26 13:49:58,413 INFO o.a.j.r.c.ReportGeneratorConfiguration: Property 'jmeter.reportgenerator.graph.responseTimeDistribution.exclude_controllers' not found, using default value 'false' instead.
2025-10-26 13:49:58,413 INFO o.a.j.r.c.ReportGeneratorConfiguration: Property 'jmeter.reportgenerator.graph.transactionsPerSecond.exclude_controllers' not found, using default value 'false' instead.
2025-10-26 13:49:58,413 INFO o.a.j.r.c.ReportGeneratorConfiguration: Property 'jmeter.reportgenerator.graph.responseTimePercentiles.exclude_controllers' not found, using default value 'false' instead.
2025-10-26 13:49:58,413 INFO o.a.j.r.c.ReportGeneratorConfiguration: Property 'jmeter.reportgenerator.graph.responseTimePercentilesOverTime.exclude_controllers' not found, using default value 'false' instead.
2025-10-26 13:49:58,413 INFO o.a.j.r.c.ReportGeneratorConfiguration: Property 'jmeter.reportgenerator.graph.responseTimesOverTime.exclude_controllers' not found, using default value 'false' instead.
2025-10-26 13:49:58,414 INFO o.a.j.r.c.ReportGeneratorConfiguration: Property 'jmeter.reportgenerator.graph.connectTimeOverTime.exclude_controllers' not found, using default value 'false' instead.
2025-10-26 13:49:58,414 INFO o.a.j.r.c.ReportGeneratorConfiguration: Property 'jmeter.reportgenerator.graph.latenciesOverTime.exclude_controllers' not found, using default value 'false' instead.
2025-10-26 13:49:58,415 INFO o.a.j.r.c.ReportGeneratorConfiguration: Property 'jmeter.reportgenerator.exporter.json.filters_only_sample_series' not found, using default value 'true' instead.
2025-10-26 13:49:58,415 INFO o.a.j.r.c.ReportGeneratorConfiguration: Property 'jmeter.reportgenerator.exporter.json.series_filter' not found, using default value '' instead.
2025-10-26 13:49:58,415 INFO o.a.j.r.c.ReportGeneratorConfiguration: Property 'jmeter.reportgenerator.exporter.json.show_controllers_only' not found, using default value 'false' instead.
2025-10-26 13:49:58,415 INFO o.a.j.r.c.ReportGeneratorConfiguration: Property 'jmeter.reportgenerator.exporter.html.filters_only_sample_series' not found, using default value 'true' instead.
2025-10-26 13:49:58,415 INFO o.a.j.r.c.ReportGeneratorConfiguration: Property 'jmeter.reportgenerator.exporter.html.series_filter' not found, using default value '' instead.
2025-10-26 13:49:58,415 INFO o.a.j.r.c.ReportGeneratorConfiguration: Property 'jmeter.reportgenerator.exporter.html.show_controllers_only' not found, using default value 'false' instead.
2025-10-26 13:49:58,427 INFO o.a.j.e.StandardJMeterEngine: Running the test!
2025-10-26 13:49:58,427 INFO o.a.j.s.SampleEvent: List of sample_variables: []
2025-10-26 13:49:58,428 INFO o.a.j.s.SampleEvent: List of sample_variables: []
2025-10-26 13:49:58,434 INFO o.a.j.e.u.CompoundVariable: Note: Function class names must contain the string: '.functions.'
2025-10-26 13:49:58,434 INFO o.a.j.e.u.CompoundVariable: Note: Function class names must not contain the string: '.gui.'
2025-10-26 13:49:58,499 INFO o.a.j.JMeter: Running test (1761479398499)
2025-10-26 13:49:58,516 INFO o.a.j.e.StandardJMeterEngine: Starting ThreadGroup: 1 : Payment load test
2025-10-26 13:49:58,516 INFO o.a.j.e.StandardJMeterEngine: Starting 5 threads for group Payment load test.
2025-10-26 13:49:58,516 INFO o.a.j.e.StandardJMeterEngine: Thread will continue on error
2025-10-26 13:49:58,517 INFO o.a.j.t.ThreadGroup: Starting thread group... number=1 threads=5 ramp-up=5 delayedStart=false
2025-10-26 13:49:58,522 INFO o.a.j.t.ThreadGroup: Started thread group number 1
2025-10-26 13:49:58,522 INFO o.a.j.e.StandardJMeterEngine: All thread groups have been started
2025-10-26 13:49:58,522 INFO o.a.j.t.JMeterThread: Thread started: Payment load test 1-1
2025-10-26 13:49:58,534 INFO o.a.j.p.h.s.HTTPHCAbstractImpl: Local host = LAPTOP-3V53L02H
2025-10-26 13:49:58,538 INFO o.a.j.p.h.s.HTTPHC4Impl: HTTP request retry count = 0
2025-10-26 13:49:58,539 INFO o.a.j.s.SampleResult: Note: Sample TimeStamps are START times
2025-10-26 13:49:58,539 INFO o.a.j.s.SampleResult: sampleresult.default.encoding is set to UTF-8
2025-10-26 13:49:58,539 INFO o.a.j.s.SampleResult: sampleresult.useNanoTime=true
2025-10-26 13:49:58,539 INFO o.a.j.s.SampleResult: sampleresult.nanoThreadSleep=5000
2025-10-26 13:49:58,647 INFO o.a.j.t.JMeterThread: Thread is done: Payment load test 1-1
2025-10-26 13:49:58,648 INFO o.a.j.t.JMeterThread: Thread finished: Payment load test 1-1
2025-10-26 13:49:59,523 INFO o.a.j.t.JMeterThread: Thread started: Payment load test 1-2
2025-10-26 13:49:59,542 INFO o.a.j.t.JMeterThread: Thread is done: Payment load test 1-2
2025-10-26 13:49:59,542 INFO o.a.j.t.JMeterThread: Thread finished: Payment load test 1-2
2025-10-26 13:50:00,518 INFO o.a.j.t.JMeterThread: Thread started: Payment load test 1-3
2025-10-26 13:50:00,524 INFO o.a.j.r.Summariser: summary +     21 in 00:00:02 =   10.4/s Avg:     2 Min:     1 Max:    24 Err:     0 (0.00%) Active: 1 Started: 3 Finished: 2
2025-10-26 13:50:00,545 INFO o.a.j.t.JMeterThread: Thread is done: Payment load test 1-3
2025-10-26 13:50:00,545 INFO o.a.j.t.JMeterThread: Thread finished: Payment load test 1-3
2025-10-26 13:50:01,518 INFO o.a.j.t.JMeterThread: Thread started: Payment load test 1-4
2025-10-26 13:50:01,538 INFO o.a.j.t.JMeterThread: Thread is done: Payment load test 1-4
2025-10-26 13:50:01,538 INFO o.a.j.t.JMeterThread: Thread finished: Payment load test 1-4
2025-10-26 13:50:02,519 INFO o.a.j.t.JMeterThread: Thread started: Payment load test 1-5
2025-10-26 13:50:02,540 INFO o.a.j.t.JMeterThread: Thread is done: Payment load test 1-5
2025-10-26 13:50:02,540 INFO o.a.j.t.JMeterThread: Thread finished: Payment load test 1-5
2025-10-26 13:50:02,540 INFO o.a.j.e.StandardJMeterEngine: Notifying test listeners of end of test
2025-10-26 13:50:02,541 INFO o.a.j.r.Summariser: summary +     29 in 00:00:02 =   14.4/s Avg:     1 Min:     1 Max:     5 Err:     0 (0.00%) Active: 0 Started: 5 Finished: 5
2025-10-26 13:50:02,542 INFO o.a.j.r.Summariser: summary =     50 in 00:00:04 =   12.4/s Avg:     2 Min:     1 Max:    24 Err:     0 (0.00%)
2025-10-26 13:50:02,542 INFO o.a.j.JMeter: Generating Dashboard
2025-10-26 13:50:02,542 INFO o.a.j.r.d.ReportGenerator: Flushing result collector before report Generation
2025-10-26 13:50:02,549 INFO o.a.j.r.p.NormalizerSampleConsumer: Using format, 'ms', to parse timeStamp field
2025-10-26 13:50:02,622 INFO o.a.j.r.p.AbstractSampleConsumer: class org.apache.jmeter.report.processor.AggregateConsumer#stopProducing(): beginDate produced 0 samples
2025-10-26 13:50:02,622 INFO o.a.j.r.p.AbstractSampleConsumer: class org.apache.jmeter.report.processor.AggregateConsumer#stopProducing(): endDate produced 0 samples
2025-10-26 13:50:02,624 INFO o.a.j.r.p.AbstractSampleConsumer: class org.apache.jmeter.report.processor.ApdexSummaryConsumer#stopProducing(): apdexSummary produced 0 samples
2025-10-26 13:50:02,624 INFO o.a.j.r.p.AbstractSampleConsumer: class org.apache.jmeter.report.processor.RequestsSummaryConsumer#stopProducing(): requestsSummary produced 0 samples
2025-10-26 13:50:02,627 INFO o.a.j.r.p.AbstractSampleConsumer: class org.apache.jmeter.report.processor.StatisticsSummaryConsumer#stopProducing(): statisticsSummary produced 0 samples
2025-10-26 13:50:02,628 INFO o.a.j.r.p.AbstractSampleConsumer: class org.apache.jmeter.report.processor.Top5ErrorsBySamplerConsumer#stopProducing(): top5ErrorsBySampler produced 0 samples
2025-10-26 13:50:02,628 INFO o.a.j.r.p.AbstractSampleConsumer: class org.apache.jmeter.report.processor.ErrorsSummaryConsumer#stopProducing(): errorsSummary produced 0 samples
2025-10-26 13:50:02,628 INFO o.a.j.r.p.AbstractSampleConsumer: class org.apache.jmeter.report.processor.graph.impl.HitsPerSecondGraphConsumer#stopProducing(): hitsPerSecond produced 0 samples
2025-10-26 13:50:02,632 INFO o.a.j.r.p.AbstractSampleConsumer: class org.apache.jmeter.report.processor.graph.impl.LatencyVSRequestGraphConsumer#stopProducing(): latencyVsRequest produced 0 samples
2025-10-26 13:50:02,632 INFO o.a.j.r.p.AbstractSampleConsumer: class org.apache.jmeter.report.processor.graph.impl.SyntheticResponseTimeDistributionGraphConsumer#stopProducing(): syntheticResponseTimeDistribution produced 0 samples
2025-10-26 13:50:02,633 INFO o.a.j.r.p.AbstractSampleConsumer: class org.apache.jmeter.report.processor.graph.impl.BytesThroughputGraphConsumer#stopProducing(): bytesThroughputOverTime produced 0 samples
2025-10-26 13:50:02,633 INFO o.a.j.r.p.AbstractSampleConsumer: class org.apache.jmeter.report.processor.graph.impl.CodesPerSecondGraphConsumer#stopProducing(): codesPerSecond produced 0 samples
2025-10-26 13:50:02,636 INFO o.a.j.r.p.AbstractSampleConsumer: class org.apache.jmeter.report.processor.graph.impl.ResponseTimeVSRequestGraphConsumer#stopProducing(): responseTimeVsRequest produced 0 samples
2025-10-26 13:50:02,636 INFO o.a.j.r.p.AbstractSampleConsumer: class org.apache.jmeter.report.processor.FilterConsumer#stopProducing(): startIntervalControlerFilter produced 350 samples
2025-10-26 13:50:02,636 INFO o.a.j.r.p.AbstractSampleConsumer: class org.apache.jmeter.report.processor.graph.impl.TotalTPSGraphConsumer#stopProducing(): totalTPS produced 0 samples
2025-10-26 13:50:02,636 INFO o.a.j.r.p.AbstractSampleConsumer: class org.apache.jmeter.report.processor.graph.impl.ActiveThreadsGraphConsumer#stopProducing(): activeThreadsOverTime produced 0 samples
2025-10-26 13:50:02,636 INFO o.a.j.r.p.AbstractSampleConsumer: class org.apache.jmeter.report.processor.graph.impl.TimeVSThreadGraphConsumer#stopProducing(): timeVsThreads produced 0 samples
2025-10-26 13:50:02,636 INFO o.a.j.r.p.AbstractSampleConsumer: class org.apache.jmeter.report.processor.graph.impl.ResponseTimeDistributionGraphConsumer#stopProducing(): responseTimeDistribution produced 0 samples
2025-10-26 13:50:02,636 INFO o.a.j.r.p.AbstractSampleConsumer: class org.apache.jmeter.report.processor.graph.impl.TransactionsPerSecondGraphConsumer#stopProducing(): transactionsPerSecond produced 0 samples
2025-10-26 13:50:02,636 INFO o.a.j.r.p.AbstractSampleConsumer: class org.apache.jmeter.report.processor.graph.impl.ResponseTimePercentilesGraphConsumer#stopProducing(): responseTimePercentiles produced 0 samples
2025-10-26 13:50:02,637 INFO o.a.j.r.p.AbstractSampleConsumer: class org.apache.jmeter.report.processor.graph.impl.ResponseTimePercentilesOverTimeGraphConsumer#stopProducing(): responseTimePercentilesOverTime produced 0 samples
2025-10-26 13:50:02,637 INFO o.a.j.r.p.AbstractSampleConsumer: class org.apache.jmeter.report.processor.graph.impl.ResponseTimeOverTimeGraphConsumer#stopProducing(): responseTimesOverTime produced 0 samples
2025-10-26 13:50:02,637 INFO o.a.j.r.p.AbstractSampleConsumer: class org.apache.jmeter.report.processor.graph.impl.ConnectTimeOverTimeGraphConsumer#stopProducing(): connectTimeOverTime produced 0 samples
2025-10-26 13:50:02,637 INFO o.a.j.r.p.AbstractSampleConsumer: class org.apache.jmeter.report.processor.graph.impl.LatencyOverTimeGraphConsumer#stopProducing(): latenciesOverTime produced 0 samples
2025-10-26 13:50:02,637 INFO o.a.j.r.p.AbstractSampleConsumer: class org.apache.jmeter.report.processor.FilterConsumer#stopProducing(): nameFilter produced 750 samples
2025-10-26 13:50:02,637 INFO o.a.j.r.p.AbstractSampleConsumer: class org.apache.jmeter.report.processor.FilterConsumer#stopProducing(): dateRangeFilter produced 150 samples
2025-10-26 13:50:02,638 INFO o.a.j.r.p.AbstractSampleConsumer: class org.apache.jmeter.report.processor.NormalizerSampleConsumer#stopProducing(): normalizer produced 50 samples
2025-10-26 13:50:02,639 INFO o.a.j.r.p.CsvFileSampleSource: produce(): 50 samples produced in 74ms on channel 0
2025-10-26 13:50:02,639 INFO o.a.j.r.d.ReportGenerator: Exporting data using exporter:'json' of className:'org.apache.jmeter.report.dashboard.JsonExporter'
2025-10-26 13:50:02,695 INFO o.a.j.r.d.JsonExporter: Found data for consumer statisticsSummary in context
2025-10-26 13:50:02,695 INFO o.a.j.r.d.JsonExporter: Creating statistics for overall
2025-10-26 13:50:02,696 INFO o.a.j.r.d.JsonExporter: Creating statistics for other transactions
2025-10-26 13:50:02,696 INFO o.a.j.r.d.JsonExporter: Checking output folder
2025-10-26 13:50:02,697 INFO o.a.j.r.d.JsonExporter: Writing statistics JSON to C:\Users\Pratham\Desktop\CashiTechnical\CashiTechnical\report\statistics.json
2025-10-26 13:50:02,731 INFO o.a.j.r.d.ReportGenerator: Exporting data using exporter:'html' of className:'org.apache.jmeter.report.dashboard.HtmlTemplateExporter'
2025-10-26 13:50:02,733 INFO o.a.j.r.d.HtmlTemplateExporter: Will generate dashboard in folder: C:\Users\Pratham\Desktop\CashiTechnical\CashiTechnical\report
2025-10-26 13:50:02,814 INFO o.a.j.r.d.HtmlTemplateExporter: Report will be generated in: C:\Users\Pratham\Desktop\CashiTechnical\CashiTechnical\report, creating folder structure
2025-10-26 13:50:02,815 INFO o.a.j.r.d.TemplateVisitor: Copying folder from 'C:\apache-jmeter-5.6.3\apache-jmeter-5.6.3\bin\report-template' to 'C:\Users\Pratham\Desktop\CashiTechnical\CashiTechnical\report', got message: C:\Users\Pratham\Desktop\CashiTechnical\CashiTechnical\report, found non empty folder with following content [C:\Users\Pratham\Desktop\CashiTechnical\CashiTechnical\report\statistics.json], will be ignored
2025-10-26 13:50:03,111 INFO o.a.j.JMeter: Dashboard generated
